This is e-pTeX, Version 3.14159265-p3.8.1-180518-2.6 (utf8.sjis) (TeX Live 2018/W32TeX) (preloaded format=platex 2018.6.7)  13 DEC 2018 16:54
entering extended mode
 restricted \write18 enabled.
 %&-line parsing enabled.
**crass_Deck.tex
(./crass_Deck.tex
pLaTeX2e <2018-05-20> (based on LaTeX2e <2018-04-01> patch level 5)
! Undefined control sequence.
l.1 \section
            {デックを表現するクラス}
? 
! Emergency stop.
l.1 \section
            {デックを表現するクラス}
End of file on the terminal!

 
Here is how much of TeX's memory you used:
 4 strings out of 493272
 54 string characters out of 6146850
 60903 words of memory out of 5000000
 4044 multiletter control sequences out of 15000+600000
 7511 words of font info for 31 fonts, out of 8000000 for 9000
 929 hyphenation exceptions out of 8191
 5i,0n,3p,49b,8s stack positions out of 5000i,500n,10000p,500000b,80000s
No pages of output.
